{"numFailedTestSuites":15,"numFailedTests":0,"numPassedTestSuites":0,"numPassedTests":0,"numPendingTestSuites":0,"numPendingTests":0,"numRuntimeErrorTestSuites":15,"numTodoTests":0,"numTotalTestSuites":15,"numTotalTests":0,"openHandles":[],"snapshot":{"added":0,"didUpdate":false,"failure":false,"filesAdded":0,"filesRemoved":0,"filesRemovedList":[],"filesUnmatched":0,"filesUpdated":0,"matched":0,"total":0,"unchecked":0,"uncheckedKeysByFile":[],"unmatched":0,"updated":0},"startTime":1762505254627,"success":false,"testResults":[{"assertionResults":[],"coverage":{},"endTime":1762505283103,"message":"  ● Test suite failed to run\n\n    Jest worker encountered 4 child process exceptions, exceeding retry limit\n\n      at ChildProcessWorker.initialize (node_modules/jest-worker/build/index.js:805:21)\n","name":"D:\\DR New\\__tests__\\unit\\components\\Header.test.tsx","startTime":1762505283103,"status":"failed","summary":""},{"assertionResults":[],"coverage":{},"endTime":1762505283104,"message":"  ● Test suite failed to run\n\n    Jest worker encountered 4 child process exceptions, exceeding retry limit\n\n      at ChildProcessWorker.initialize (node_modules/jest-worker/build/index.js:805:21)\n","name":"D:\\DR New\\__tests__\\unit\\components\\EmergencyCTA.test.tsx","startTime":1762505283104,"status":"failed","summary":""},{"assertionResults":[],"coverage":{},"endTime":1762505283104,"message":"  ● Test suite failed to run\n\n    Jest worker encountered 4 child process exceptions, exceeding retry limit\n\n      at ChildProcessWorker.initialize (node_modules/jest-worker/build/index.js:805:21)\n","name":"D:\\DR New\\__tests__\\integration\\api\\api-routes.test.ts","startTime":1762505283104,"status":"failed","summary":""},{"assertionResults":[],"coverage":{},"endTime":1762505283104,"message":"  ● Test suite failed to run\n\n    Jest worker encountered 4 child process exceptions, exceeding retry limit\n\n      at ChildProcessWorker.initialize (node_modules/jest-worker/build/index.js:805:21)\n","name":"D:\\DR New\\__tests__\\unit\\components\\OptimizedImage.test.tsx","startTime":1762505283104,"status":"failed","summary":""},{"assertionResults":[],"coverage":{},"endTime":1762505283104,"message":"  ● Test suite failed to run\n\n    Jest worker encountered 4 child process exceptions, exceeding retry limit\n\n      at ChildProcessWorker.initialize (node_modules/jest-worker/build/index.js:805:21)\n","name":"D:\\DR New\\__tests__\\unit\\components\\Footer.test.tsx","startTime":1762505283104,"status":"failed","summary":""},{"assertionResults":[],"coverage":{},"endTime":1762505283104,"message":"  ● Test suite failed to run\n\n    Jest worker encountered 4 child process exceptions, exceeding retry limit\n\n      at ChildProcessWorker.initialize (node_modules/jest-worker/build/index.js:805:21)\n","name":"D:\\DR New\\src\\lib\\utils\\australian-compliance.test.ts","startTime":1762505283104,"status":"failed","summary":""},{"assertionResults":[],"coverage":{},"endTime":1762505283104,"message":"  ● Test suite failed to run\n\n    Jest worker encountered 4 child process exceptions, exceeding retry limit\n\n      at ChildProcessWorker.initialize (node_modules/jest-worker/build/index.js:805:21)\n","name":"D:\\DR New\\__tests__\\integration\\api\\search.test.ts","startTime":1762505283104,"status":"failed","summary":""},{"assertionResults":[],"coverage":{},"endTime":1762505283104,"message":"  ● Test suite failed to run\n\n    Jest worker encountered 4 child process exceptions, exceeding retry limit\n\n      at ChildProcessWorker.initialize (node_modules/jest-worker/build/index.js:805:21)\n","name":"D:\\DR New\\__tests__\\unit\\components\\TrustSignals.test.tsx","startTime":1762505283104,"status":"failed","summary":""},{"assertionResults":[],"coverage":{},"endTime":1762505283104,"message":"  ● Test suite failed to run\n\n    Jest worker encountered 4 child process exceptions, exceeding retry limit\n\n      at ChildProcessWorker.initialize (node_modules/jest-worker/build/index.js:805:21)\n","name":"D:\\DR New\\__tests__\\integration\\api\\analytics.test.ts","startTime":1762505283104,"status":"failed","summary":""},{"assertionResults":[],"coverage":{},"endTime":1762505283104,"message":"  ● Test suite failed to run\n\n    Jest worker encountered 4 child process exceptions, exceeding retry limit\n\n      at ChildProcessWorker.initialize (node_modules/jest-worker/build/index.js:805:21)\n","name":"D:\\DR New\\__tests__\\unit\\lib\\validation.test.ts","startTime":1762505283104,"status":"failed","summary":""},{"assertionResults":[],"coverage":{},"endTime":1762505283104,"message":"  ● Test suite failed to run\n\n    Jest worker encountered 4 child process exceptions, exceeding retry limit\n\n      at ChildProcessWorker.initialize (node_modules/jest-worker/build/index.js:805:21)\n","name":"D:\\DR New\\__tests__\\integration\\api\\claims-submit.test.ts","startTime":1762505283104,"status":"failed","summary":""},{"assertionResults":[],"coverage":{},"endTime":1762505283104,"message":"  ● Test suite failed to run\n\n    Jest worker encountered 4 child process exceptions, exceeding retry limit\n\n      at ChildProcessWorker.initialize (node_modules/jest-worker/build/index.js:805:21)\n","name":"D:\\DR New\\__tests__\\integration\\api\\seo-monitor.test.ts","startTime":1762505283104,"status":"failed","summary":""},{"assertionResults":[],"coverage":{},"endTime":1762505283104,"message":"  ● Test suite failed to run\n\n    Jest worker encountered 4 child process exceptions, exceeding retry limit\n\n      at ChildProcessWorker.initialize (node_modules/jest-worker/build/index.js:805:21)\n","name":"D:\\DR New\\__tests__\\unit\\components\\ServicePageLayout.test.tsx","startTime":1762505283104,"status":"failed","summary":""},{"assertionResults":[],"coverage":{},"endTime":1762505283104,"message":"  ● Test suite failed to run\n\n    Jest worker encountered 4 child process exceptions, exceeding retry limit\n\n      at ChildProcessWorker.initialize (node_modules/jest-worker/build/index.js:805:21)\n","name":"D:\\DR New\\__tests__\\unit\\lib\\seo-schema.test.ts","startTime":1762505283104,"status":"failed","summary":""},{"assertionResults":[],"coverage":{},"endTime":1762505283104,"message":"  ● Test suite failed to run\n\n    Jest worker encountered 4 child process exceptions, exceeding retry limit\n\n      at ChildProcessWorker.initialize (node_modules/jest-worker/build/index.js:805:21)\n","name":"D:\\DR New\\__tests__\\unit\\lib\\validation-new.test.ts","startTime":1762505283104,"status":"failed","summary":""}],"wasInterrupted":false,"coverageMap":{}}
